<?xml version="1.0" encoding="UTF-8"?>
<testsuite name="dao.sql2oFarmerDaoTest" tests="1" skipped="0" failures="0" errors="0" timestamp="2022-01-19T15:20:12" hostname="Timothys-MacBook-Pro.local" time="0.071">
  <properties/>
  <testcase name="farmersGetDeletedFromDb()" classname="dao.sql2oFarmerDaoTest" time="0.071"/>
  <system-out><![CDATA[]]></system-out>
  <system-err><![CDATA[]]></system-err>
</testsuite>
