<?xml version="1.0" encoding="UTF-8"?>
<testsuite name="models.FarmerTest" tests="3" skipped="0" failures="0" errors="0" timestamp="2022-01-20T15:11:09" hostname="debian" time="0.062">
  <properties/>
  <testcase name="equalsMethodWorksAccordingly()" classname="models.FarmerTest" time="0.047"/>
  <testcase name="gettersWorkAccordingly()" classname="models.FarmerTest" time="0.011"/>
  <testcase name="farmersInitializedProperly()" classname="models.FarmerTest" time="0.002"/>
  <system-out><![CDATA[]]></system-out>
  <system-err><![CDATA[]]></system-err>
</testsuite>
